<?xml version="1.0" encoding="UTF-8"?>
<testng-results ignored="0" total="1" passed="1" failed="0" skipped="0">
  <reporter-output>
  </reporter-output>
  <suite started-at="2024-09-17T13:02:55 IST" name="Default suite" finished-at="2024-09-17T13:03:12 IST" duration-ms="16880">
    <groups>
    </groups>
    <test started-at="2024-09-17T13:02:55 IST" name="Default test" finished-at="2024-09-17T13:03:12 IST" duration-ms="16880">
      <class name="women.Women_Product">
        <test-method is-config="true" signature="bsConfig()[pri:0, instance:women.Women_Product@6a6cb05c]" started-at="2024-09-17T13:02:55 IST" name="bsConfig" finished-at="2024-09-17T13:02:55 IST" duration-ms="10" status="PASS">
          <reporter-output>
          </reporter-output>
        </test-method> <!-- bsConfig -->
        <test-method is-config="true" signature="bcConfig()[pri:0, instance:women.Women_Product@6a6cb05c]" started-at="2024-09-17T13:02:55 IST" name="bcConfig" finished-at="2024-09-17T13:03:02 IST" duration-ms="6996" status="PASS">
          <reporter-output>
          </reporter-output>
        </test-method> <!-- bcConfig -->
        <test-method is-config="true" signature="bmConfig()[pri:0, instance:women.Women_Product@6a6cb05c]" started-at="2024-09-17T13:03:02 IST" name="bmConfig" finished-at="2024-09-17T13:03:06 IST" duration-ms="3796" status="PASS">
          <reporter-output>
          </reporter-output>
        </test-method> <!-- bmConfig -->
        <test-method signature="product()[pri:0, instance:women.Women_Product@6a6cb05c]" started-at="2024-09-17T13:03:06 IST" name="product" finished-at="2024-09-17T13:03:10 IST" duration-ms="4038" status="PASS">
          <reporter-output>
          </reporter-output>
        </test-method> <!-- product -->
        <test-method is-config="true" signature="amConfig()[pri:0, instance:women.Women_Product@6a6cb05c]" started-at="2024-09-17T13:03:10 IST" name="amConfig" finished-at="2024-09-17T13:03:12 IST" duration-ms="1756" status="PASS">
          <reporter-output>
          </reporter-output>
        </test-method> <!-- amConfig -->
        <test-method is-config="true" signature="acConfig()[pri:0, instance:women.Women_Product@6a6cb05c]" started-at="2024-09-17T13:03:12 IST" name="acConfig" finished-at="2024-09-17T13:03:12 IST" duration-ms="250" status="PASS">
          <reporter-output>
          </reporter-output>
        </test-method> <!-- acConfig -->
        <test-method is-config="true" signature="asConfig()[pri:0, instance:women.Women_Product@6a6cb05c]" started-at="2024-09-17T13:03:12 IST" name="asConfig" finished-at="2024-09-17T13:03:12 IST" duration-ms="0" status="PASS">
          <reporter-output>
          </reporter-output>
        </test-method> <!-- asConfig -->
      </class> <!-- women.Women_Product -->
    </test> <!-- Default test -->
  </suite> <!-- Default suite -->
</testng-results>
